<?xml version="1.0" encoding="UTF-8"?>
<testsuite xmlns:xsi="http://www.w3.org/2001/XMLSchema-instance" xsi:noNamespaceSchemaLocation="https://maven.apache.org/surefire/maven-surefire-plugin/xsd/surefire-test-report-3.0.xsd" version="3.0" name="com.algonquin.cst8288.assignment1.employee.ContractEmployeeImplTest" time="0.096" tests="5" errors="0" skipped="0" failures="0">
  <properties>
[...]
</properties>
  <testcase name="testToString" classname="com.algonquin.cst8288.assignment1.employee.ContractEmployeeImplTest" time="0.024">
    <system-out><![CDATA[toString
]]></system-out>
  </testcase>
  <testcase name="testCalculateTotalCompensation" classname="com.algonquin.cst8288.assignment1.employee.ContractEmployeeImplTest" time="0.001">
    <system-out><![CDATA[calculateTotalCompensation
]]></system-out>
  </testcase>
  <testcase name="testSetRenewalDateAndGetRenewalDate" classname="com.algonquin.cst8288.assignment1.employee.ContractEmployeeImplTest" time="0.002">
    <system-out><![CDATA[getRenewalDate
]]></system-out>
  </testcase>
  <testcase name="testSetTotalCompensation" classname="com.algonquin.cst8288.assignment1.employee.ContractEmployeeImplTest" time="0.001">
    <system-out><![CDATA[setTotalCompensation
]]></system-out>
  </testcase>
  <testcase name="testRenewalDate" classname="com.algonquin.cst8288.assignment1.employee.ContractEmployeeImplTest" time="0.001">
    <system-out><![CDATA[renewalDate
]]></system-out>
  </testcase>
</testsuite>